{"/Users/claudiopinto/Projects/Personal/ga-ecommerce/src/Tracker.ts": {"path":"/Users/claudiopinto/Projects/Personal/ga-ecommerce/src/Tracker.ts","statementMap":{"0":{"start":{"line":2,"column":0},"end":{"line":2,"column":50}},"1":{"start":{"line":3,"column":0},"end":{"line":3,"column":45}},"2":{"start":{"line":4,"column":0},"end":{"line":4,"column":39}},"3":{"start":{"line":5,"column":0},"end":{"line":5,"column":49}},"4":{"start":{"line":6,"column":0},"end":{"line":6,"column":46}},"5":{"start":{"line":7,"column":0},"end":{"line":7,"column":42}},"6":{"start":{"line":9,"column":0},"end":{"line":9,"column":13}},"7":{"start":{"line":13,"column":4},"end":{"line":13,"column":25}},"8":{"start":{"line":16,"column":2},"end":{"line":18,"column":null}},"9":{"start":{"line":17,"column":4},"end":{"line":17,"column":23}},"10":{"start":{"line":20,"column":2},"end":{"line":22,"column":null}},"11":{"start":{"line":20,"column":13},"end":{"line":20,"column":null}},"12":{"start":{"line":21,"column":4},"end":{"line":21,"column":46}},"13":{"start":{"line":24,"column":2},"end":{"line":26,"column":null}},"14":{"start":{"line":25,"column":4},"end":{"line":25,"column":42}},"15":{"start":{"line":28,"column":2},"end":{"line":30,"column":null}},"16":{"start":{"line":29,"column":4},"end":{"line":29,"column":33}},"17":{"start":{"line":32,"column":2},"end":{"line":34,"column":null}},"18":{"start":{"line":33,"column":4},"end":{"line":33,"column":44}},"19":{"start":{"line":36,"column":2},"end":{"line":38,"column":null}},"20":{"start":{"line":37,"column":4},"end":{"line":37,"column":37}},"21":{"start":{"line":40,"column":2},"end":{"line":42,"column":null}},"22":{"start":{"line":41,"column":4},"end":{"line":41,"column":35}},"23":{"start":{"line":43,"column":0},"end":{"line":43,"column":null}},"24":{"start":{"line":9,"column":13},"end":{"line":9,"column":20}}},"fnMap":{"0":{"name":"(anonymous_0)","decl":{"start":{"line":9,"column":0},"end":{"line":9,"column":13}},"loc":{"start":{"line":9,"column":0},"end":{"line":43,"column":null}}},"1":{"name":"Tracker","decl":{"start":{"line":12,"column":2},"end":{"line":12,"column":14}},"loc":{"start":{"line":12,"column":37},"end":{"line":14,"column":3}}},"2":{"name":"(anonymous_2)","decl":{"start":{"line":16,"column":2},"end":{"line":16,"column":11}},"loc":{"start":{"line":16,"column":2},"end":{"line":18,"column":3}}},"3":{"name":"(anonymous_3)","decl":{"start":{"line":20,"column":2},"end":{"line":20,"column":12}},"loc":{"start":{"line":20,"column":42},"end":{"line":22,"column":3}}},"4":{"name":"(anonymous_4)","decl":{"start":{"line":24,"column":2},"end":{"line":24,"column":9}},"loc":{"start":{"line":24,"column":26},"end":{"line":26,"column":3}}},"5":{"name":"(anonymous_5)","decl":{"start":{"line":28,"column":2},"end":{"line":28,"column":6}},"loc":{"start":{"line":28,"column":2},"end":{"line":30,"column":3}}},"6":{"name":"(anonymous_6)","decl":{"start":{"line":32,"column":2},"end":{"line":32,"column":11}},"loc":{"start":{"line":32,"column":23},"end":{"line":34,"column":3}}},"7":{"name":"(anonymous_7)","decl":{"start":{"line":36,"column":2},"end":{"line":36,"column":10}},"loc":{"start":{"line":36,"column":2},"end":{"line":38,"column":3}}},"8":{"name":"(anonymous_8)","decl":{"start":{"line":40,"column":2},"end":{"line":40,"column":8}},"loc":{"start":{"line":40,"column":2},"end":{"line":42,"column":3}}}},"branchMap":{"0":{"loc":{"start":{"line":20,"column":13},"end":{"line":20,"column":null}},"type":"if","locations":[{"start":{"line":20,"column":13},"end":{"line":20,"column":null}}]}},"s":{"0":2,"1":2,"2":2,"3":2,"4":2,"5":2,"6":2,"7":7,"8":2,"9":6,"10":2,"11":3,"12":2,"13":2,"14":1,"15":2,"16":1,"17":2,"18":1,"19":2,"20":1,"21":2,"22":1,"23":2,"24":2},"f":{"0":2,"1":7,"2":6,"3":2,"4":1,"5":1,"6":1,"7":1,"8":1},"b":{"0":[1]}}
,"/Users/claudiopinto/Projects/Personal/ga-ecommerce/src/index.ts": {"path":"/Users/claudiopinto/Projects/Personal/ga-ecommerce/src/index.ts","statementMap":{"0":{"start":{"line":1,"column":0},"end":{"line":1,"column":48}},"1":{"start":{"line":2,"column":0},"end":{"line":2,"column":38}},"2":{"start":{"line":3,"column":0},"end":{"line":3,"column":46}},"3":{"start":{"line":4,"column":0},"end":{"line":4,"column":48}},"4":{"start":{"line":5,"column":0},"end":{"line":5,"column":36}},"5":{"start":{"line":7,"column":22},"end":{"line":17,"column":1}},"6":{"start":{"line":7,"column":23},"end":{"line":7,"column":41}},"7":{"start":{"line":7,"column":41},"end":{"line":7,"column":null}},"8":{"start":{"line":8,"column":2},"end":{"line":16,"column":null}},"9":{"start":{"line":10,"column":6},"end":{"line":10,"column":44}},"10":{"start":{"line":12,"column":6},"end":{"line":12,"column":41}},"11":{"start":{"line":15,"column":6},"end":{"line":15,"column":39}},"12":{"start":{"line":20,"column":0},"end":{"line":20,"column":29}},"13":{"start":{"line":22,"column":0},"end":{"line":22,"column":25}}},"fnMap":{"0":{"name":"(anonymous_0)","decl":{"start":{"line":7,"column":22},"end":{"line":7,"column":23}},"loc":{"start":{"line":7,"column":73},"end":{"line":17,"column":1}}}},"branchMap":{"0":{"loc":{"start":{"line":7,"column":23},"end":{"line":7,"column":41}},"type":"if","locations":[{"start":{"line":7,"column":23},"end":{"line":7,"column":41}}]},"1":{"loc":{"start":{"line":7,"column":41},"end":{"line":7,"column":null}},"type":"if","locations":[{"start":{"line":7,"column":41},"end":{"line":7,"column":null}}]},"2":{"loc":{"start":{"line":8,"column":2},"end":{"line":16,"column":null}},"type":"switch","locations":[{"start":{"line":9,"column":4},"end":{"line":10,"column":44}},{"start":{"line":11,"column":4},"end":{"line":12,"column":41}},{"start":{"line":13,"column":4},"end":{"line":13,"column":24}},{"start":{"line":14,"column":4},"end":{"line":15,"column":39}}]}},"s":{"0":1,"1":1,"2":1,"3":1,"4":1,"5":1,"6":7,"7":7,"8":6,"9":3,"10":1,"11":2,"12":1,"13":1},"f":{"0":6},"b":{"0":[1],"1":[1],"2":[3,1,2,2]}}
,"/Users/claudiopinto/Projects/Personal/ga-ecommerce/src/actions/Checkout.ts": {"path":"/Users/claudiopinto/Projects/Personal/ga-ecommerce/src/actions/Checkout.ts","statementMap":{"0":{"start":{"line":2,"column":0},"end":{"line":2,"column":67}},"1":{"start":{"line":4,"column":0},"end":{"line":4,"column":13}},"2":{"start":{"line":19,"column":10},"end":{"line":19,"column":40}},"3":{"start":{"line":22,"column":4},"end":{"line":22,"column":33}},"4":{"start":{"line":23,"column":4},"end":{"line":23,"column":25}},"5":{"start":{"line":24,"column":4},"end":{"line":24,"column":76}},"6":{"start":{"line":25,"column":4},"end":{"line":25,"column":82}},"7":{"start":{"line":26,"column":4},"end":{"line":26,"column":77}},"8":{"start":{"line":27,"column":4},"end":{"line":27,"column":16}},"9":{"start":{"line":30,"column":2},"end":{"line":35,"column":null}},"10":{"start":{"line":31,"column":4},"end":{"line":31,"column":20}},"11":{"start":{"line":32,"column":4},"end":{"line":32,"column":23}},"12":{"start":{"line":33,"column":4},"end":{"line":33,"column":39}},"13":{"start":{"line":34,"column":4},"end":{"line":34,"column":24}},"14":{"start":{"line":37,"column":2},"end":{"line":44,"column":null}},"15":{"start":{"line":37,"column":11},"end":{"line":37,"column":null}},"16":{"start":{"line":38,"column":17},"end":{"line":38,"column":26}},"17":{"start":{"line":39,"column":4},"end":{"line":39,"column":29}},"18":{"start":{"line":40,"column":4},"end":{"line":40,"column":63}},"19":{"start":{"line":41,"column":4},"end":{"line":41,"column":56}},"20":{"start":{"line":43,"column":4},"end":{"line":43,"column":24}},"21":{"start":{"line":46,"column":2},"end":{"line":48,"column":null}},"22":{"start":{"line":47,"column":4},"end":{"line":47,"column":57}},"23":{"start":{"line":50,"column":2},"end":{"line":60,"column":null}},"24":{"start":{"line":51,"column":17},"end":{"line":51,"column":null}},"25":{"start":{"line":52,"column":4},"end":{"line":52,"column":15}},"26":{"start":{"line":52,"column":15},"end":{"line":52,"column":null}},"27":{"start":{"line":53,"column":4},"end":{"line":53,"column":9}},"28":{"start":{"line":53,"column":9},"end":{"line":53,"column":null}},"29":{"start":{"line":54,"column":4},"end":{"line":54,"column":12}},"30":{"start":{"line":54,"column":12},"end":{"line":54,"column":null}},"31":{"start":{"line":55,"column":4},"end":{"line":55,"column":7}},"32":{"start":{"line":55,"column":7},"end":{"line":55,"column":null}},"33":{"start":{"line":56,"column":4},"end":{"line":56,"column":12}},"34":{"start":{"line":56,"column":12},"end":{"line":56,"column":null}},"35":{"start":{"line":58,"column":4},"end":{"line":58,"column":97}},"36":{"start":{"line":59,"column":4},"end":{"line":59,"column":16}},"37":{"start":{"line":62,"column":2},"end":{"line":66,"column":null}},"38":{"start":{"line":63,"column":4},"end":{"line":63,"column":23}},"39":{"start":{"line":65,"column":4},"end":{"line":65,"column":24}},"40":{"start":{"line":68,"column":2},"end":{"line":70,"column":null}},"41":{"start":{"line":69,"column":4},"end":{"line":69,"column":22}},"42":{"start":{"line":72,"column":10},"end":{"line":78,"column":null}},"43":{"start":{"line":73,"column":4},"end":{"line":73,"column":55}},"44":{"start":{"line":74,"column":4},"end":{"line":74,"column":49}},"45":{"start":{"line":75,"column":4},"end":{"line":75,"column":51}},"46":{"start":{"line":77,"column":4},"end":{"line":77,"column":16}},"47":{"start":{"line":80,"column":10},"end":{"line":84,"column":null}},"48":{"start":{"line":81,"column":4},"end":{"line":81,"column":71}},"49":{"start":{"line":82,"column":4},"end":{"line":82,"column":65}},"50":{"start":{"line":83,"column":4},"end":{"line":83,"column":77}},"51":{"start":{"line":85,"column":0},"end":{"line":85,"column":null}},"52":{"start":{"line":4,"column":13},"end":{"line":4,"column":21}}},"fnMap":{"0":{"name":"(anonymous_0)","decl":{"start":{"line":4,"column":0},"end":{"line":4,"column":13}},"loc":{"start":{"line":4,"column":0},"end":{"line":85,"column":null}}},"1":{"name":"Checkout","decl":{"start":{"line":21,"column":2},"end":{"line":21,"column":14}},"loc":{"start":{"line":21,"column":37},"end":{"line":28,"column":3}}},"2":{"name":"(anonymous_2)","decl":{"start":{"line":30,"column":2},"end":{"line":30,"column":7}},"loc":{"start":{"line":30,"column":2},"end":{"line":35,"column":3}}},"3":{"name":"(anonymous_3)","decl":{"start":{"line":37,"column":2},"end":{"line":37,"column":10}},"loc":{"start":{"line":37,"column":30},"end":{"line":44,"column":3}}},"4":{"name":"(anonymous_4)","decl":{"start":{"line":46,"column":2},"end":{"line":46,"column":8}},"loc":{"start":{"line":46,"column":43},"end":{"line":48,"column":3}}},"5":{"name":"(anonymous_5)","decl":{"start":{"line":50,"column":2},"end":{"line":50,"column":10}},"loc":{"start":{"line":57,"column":16},"end":{"line":60,"column":3}}},"6":{"name":"(anonymous_6)","decl":{"start":{"line":62,"column":2},"end":{"line":62,"column":10}},"loc":{"start":{"line":62,"column":35},"end":{"line":66,"column":3}}},"7":{"name":"(anonymous_7)","decl":{"start":{"line":68,"column":2},"end":{"line":68,"column":10}},"loc":{"start":{"line":68,"column":2},"end":{"line":70,"column":3}}},"8":{"name":"(anonymous_8)","decl":{"start":{"line":72,"column":2},"end":{"line":72,"column":10}},"loc":{"start":{"line":72,"column":2},"end":{"line":78,"column":3}}},"9":{"name":"(anonymous_9)","decl":{"start":{"line":80,"column":2},"end":{"line":80,"column":10}},"loc":{"start":{"line":80,"column":2},"end":{"line":84,"column":3}}}},"branchMap":{"0":{"loc":{"start":{"line":37,"column":11},"end":{"line":37,"column":null}},"type":"if","locations":[{"start":{"line":37,"column":11},"end":{"line":37,"column":null}}]},"1":{"loc":{"start":{"line":40,"column":19},"end":{"line":40,"column":62}},"type":"binary-expr","locations":[{"start":{"line":40,"column":19},"end":{"line":40,"column":23}},{"start":{"line":40,"column":27},"end":{"line":40,"column":62}}]},"2":{"loc":{"start":{"line":52,"column":15},"end":{"line":52,"column":null}},"type":"cond-expr","locations":[{"start":{"line":52,"column":18},"end":{"line":52,"column":22}},{"start":{"line":52,"column":22},"end":{"line":52,"column":null}}]},"3":{"loc":{"start":{"line":53,"column":9},"end":{"line":53,"column":null}},"type":"cond-expr","locations":[{"start":{"line":53,"column":12},"end":{"line":53,"column":16}},{"start":{"line":53,"column":16},"end":{"line":53,"column":null}}]},"4":{"loc":{"start":{"line":54,"column":12},"end":{"line":54,"column":null}},"type":"cond-expr","locations":[{"start":{"line":54,"column":15},"end":{"line":54,"column":19}},{"start":{"line":54,"column":19},"end":{"line":54,"column":null}}]},"5":{"loc":{"start":{"line":55,"column":7},"end":{"line":55,"column":null}},"type":"cond-expr","locations":[{"start":{"line":55,"column":10},"end":{"line":55,"column":14}},{"start":{"line":55,"column":14},"end":{"line":55,"column":null}}]},"6":{"loc":{"start":{"line":56,"column":12},"end":{"line":56,"column":null}},"type":"cond-expr","locations":[{"start":{"line":56,"column":15},"end":{"line":56,"column":19}},{"start":{"line":56,"column":19},"end":{"line":56,"column":null}}]}},"s":{"0":3,"1":3,"2":13,"3":13,"4":13,"5":13,"6":13,"7":13,"8":13,"9":3,"10":3,"11":3,"12":3,"13":3,"14":3,"15":5,"16":4,"17":4,"18":4,"19":4,"20":4,"21":3,"22":1,"23":3,"24":6,"25":6,"26":6,"27":6,"28":6,"29":6,"30":6,"31":6,"32":6,"33":6,"34":6,"35":6,"36":6,"37":3,"38":1,"39":1,"40":3,"41":8,"42":3,"43":8,"44":8,"45":8,"46":8,"47":3,"48":13,"49":13,"50":13,"51":3,"52":3},"f":{"0":3,"1":13,"2":3,"3":4,"4":1,"5":6,"6":1,"7":8,"8":8,"9":13},"b":{"0":[1],"1":[4,1],"2":[0,6],"3":[0,6],"4":[0,6],"5":[0,6],"6":[0,6]}}
,"/Users/claudiopinto/Projects/Personal/ga-ecommerce/src/actions/Collection.ts": {"path":"/Users/claudiopinto/Projects/Personal/ga-ecommerce/src/actions/Collection.ts","statementMap":{"0":{"start":{"line":1,"column":0},"end":{"line":1,"column":46}},"1":{"start":{"line":4,"column":0},"end":{"line":4,"column":13}},"2":{"start":{"line":11,"column":2},"end":{"line":11,"column":null}},"3":{"start":{"line":12,"column":4},"end":{"line":12,"column":null}},"4":{"start":{"line":13,"column":4},"end":{"line":13,"column":null}},"5":{"start":{"line":14,"column":4},"end":{"line":14,"column":null}},"6":{"start":{"line":16,"column":4},"end":{"line":16,"column":19}},"7":{"start":{"line":17,"column":4},"end":{"line":17,"column":25}},"8":{"start":{"line":18,"column":4},"end":{"line":18,"column":29}},"9":{"start":{"line":19,"column":4},"end":{"line":19,"column":93}},"10":{"start":{"line":19,"column":44},"end":{"line":19,"column":92}},"11":{"start":{"line":22,"column":2},"end":{"line":24,"column":null}},"12":{"start":{"line":23,"column":4},"end":{"line":23,"column":21}},"13":{"start":{"line":26,"column":2},"end":{"line":28,"column":null}},"14":{"start":{"line":26,"column":25},"end":{"line":26,"column":null}},"15":{"start":{"line":27,"column":4},"end":{"line":27,"column":76}},"16":{"start":{"line":27,"column":45},"end":{"line":27,"column":75}},"17":{"start":{"line":30,"column":2},"end":{"line":41,"column":null}},"18":{"start":{"line":31,"column":17},"end":{"line":32,"column":45}},"19":{"start":{"line":34,"column":4},"end":{"line":38,"column":null}},"20":{"start":{"line":35,"column":6},"end":{"line":35,"column":32}},"21":{"start":{"line":37,"column":6},"end":{"line":37,"column":32}},"22":{"start":{"line":40,"column":4},"end":{"line":40,"column":25}},"23":{"start":{"line":43,"column":2},"end":{"line":45,"column":null}},"24":{"start":{"line":44,"column":4},"end":{"line":44,"column":44}},"25":{"start":{"line":47,"column":2},"end":{"line":49,"column":null}},"26":{"start":{"line":47,"column":14},"end":{"line":47,"column":null}},"27":{"start":{"line":48,"column":4},"end":{"line":48,"column":29}},"28":{"start":{"line":51,"column":2},"end":{"line":53,"column":null}},"29":{"start":{"line":52,"column":4},"end":{"line":52,"column":25}},"30":{"start":{"line":54,"column":0},"end":{"line":54,"column":null}},"31":{"start":{"line":4,"column":13},"end":{"line":4,"column":23}}},"fnMap":{"0":{"name":"(anonymous_0)","decl":{"start":{"line":4,"column":0},"end":{"line":4,"column":13}},"loc":{"start":{"line":4,"column":0},"end":{"line":54,"column":null}}},"1":{"name":"Collection","decl":{"start":{"line":11,"column":2},"end":{"line":11,"column":null}},"loc":{"start":{"line":14,"column":27},"end":{"line":20,"column":3}}},"2":{"name":"(anonymous_2)","decl":{"start":{"line":19,"column":22},"end":{"line":19,"column":23}},"loc":{"start":{"line":19,"column":39},"end":{"line":19,"column":48}}},"3":{"name":"(anonymous_3)","decl":{"start":{"line":22,"column":2},"end":{"line":22,"column":9}},"loc":{"start":{"line":22,"column":2},"end":{"line":24,"column":3}}},"4":{"name":"(anonymous_4)","decl":{"start":{"line":26,"column":2},"end":{"line":26,"column":12}},"loc":{"start":{"line":26,"column":53},"end":{"line":28,"column":3}}},"5":{"name":"(anonymous_5)","decl":{"start":{"line":27,"column":26},"end":{"line":27,"column":27}},"loc":{"start":{"line":27,"column":40},"end":{"line":27,"column":49}}},"6":{"name":"(anonymous_6)","decl":{"start":{"line":30,"column":2},"end":{"line":30,"column":12}},"loc":{"start":{"line":30,"column":39},"end":{"line":41,"column":3}}},"7":{"name":"(anonymous_7)","decl":{"start":{"line":43,"column":2},"end":{"line":43,"column":12}},"loc":{"start":{"line":43,"column":2},"end":{"line":45,"column":3}}},"8":{"name":"(anonymous_8)","decl":{"start":{"line":47,"column":2},"end":{"line":47,"column":13}},"loc":{"start":{"line":47,"column":37},"end":{"line":49,"column":3}}},"9":{"name":"(anonymous_9)","decl":{"start":{"line":51,"column":2},"end":{"line":51,"column":13}},"loc":{"start":{"line":51,"column":2},"end":{"line":53,"column":3}}}},"branchMap":{"0":{"loc":{"start":{"line":12,"column":4},"end":{"line":12,"column":null}},"type":"if","locations":[{"start":{"line":12,"column":4},"end":{"line":12,"column":null}}]},"1":{"loc":{"start":{"line":13,"column":4},"end":{"line":13,"column":null}},"type":"if","locations":[{"start":{"line":13,"column":4},"end":{"line":13,"column":null}}]},"2":{"loc":{"start":{"line":14,"column":4},"end":{"line":14,"column":null}},"type":"if","locations":[{"start":{"line":14,"column":4},"end":{"line":14,"column":null}}]},"3":{"loc":{"start":{"line":26,"column":25},"end":{"line":26,"column":null}},"type":"if","locations":[{"start":{"line":26,"column":25},"end":{"line":26,"column":null}}]},"4":{"loc":{"start":{"line":31,"column":17},"end":{"line":32,"column":45}},"type":"cond-expr","locations":[{"start":{"line":32,"column":8},"end":{"line":32,"column":12}},{"start":{"line":32,"column":15},"end":{"line":32,"column":45}}]},"5":{"loc":{"start":{"line":34,"column":4},"end":{"line":38,"column":null}},"type":"if","locations":[{"start":{"line":34,"column":4},"end":{"line":38,"column":null}},{"start":{"line":36,"column":11},"end":{"line":38,"column":null}}]},"6":{"loc":{"start":{"line":34,"column":8},"end":{"line":34,"column":35}},"type":"binary-expr","locations":[{"start":{"line":34,"column":8},"end":{"line":34,"column":22}},{"start":{"line":34,"column":26},"end":{"line":34,"column":35}}]},"7":{"loc":{"start":{"line":44,"column":4},"end":{"line":44,"column":43}},"type":"cond-expr","locations":[{"start":{"line":44,"column":15},"end":{"line":44,"column":17}},{"start":{"line":44,"column":15},"end":{"line":44,"column":43}}]},"8":{"loc":{"start":{"line":44,"column":4},"end":{"line":44,"column":17}},"type":"binary-expr","locations":[{"start":{"line":44,"column":4},"end":{"line":44,"column":17}},{"start":{"line":44,"column":15},"end":{"line":44,"column":17}}]},"9":{"loc":{"start":{"line":47,"column":14},"end":{"line":47,"column":null}},"type":"if","locations":[{"start":{"line":47,"column":14},"end":{"line":47,"column":null}}]}},"s":{"0":3,"1":3,"2":18,"3":21,"4":22,"5":25,"6":18,"7":18,"8":18,"9":18,"10":3,"11":3,"12":12,"13":3,"14":3,"15":2,"16":3,"17":3,"18":16,"19":16,"20":1,"21":15,"22":16,"23":3,"24":2,"25":3,"26":3,"27":2,"28":3,"29":5,"30":3,"31":3},"f":{"0":3,"1":18,"2":3,"3":12,"4":2,"5":3,"6":16,"7":2,"8":2,"9":5},"b":{"0":[3],"1":[4],"2":[7],"3":[1],"4":[14,2],"5":[1,15],"6":[16,6],"7":[1,1],"8":[2,1],"9":[1]}}
,"/Users/claudiopinto/Projects/Personal/ga-ecommerce/src/actions/Refund.ts": {"path":"/Users/claudiopinto/Projects/Personal/ga-ecommerce/src/actions/Refund.ts","statementMap":{"0":{"start":{"line":3,"column":0},"end":{"line":3,"column":13}},"1":{"start":{"line":7,"column":4},"end":{"line":7,"column":25}},"2":{"start":{"line":10,"column":2},"end":{"line":12,"column":null}},"3":{"start":{"line":10,"column":32},"end":{"line":10,"column":null}},"4":{"start":{"line":11,"column":4},"end":{"line":11,"column":45}},"5":{"start":{"line":13,"column":0},"end":{"line":13,"column":null}},"6":{"start":{"line":3,"column":13},"end":{"line":3,"column":19}}},"fnMap":{"0":{"name":"(anonymous_0)","decl":{"start":{"line":3,"column":0},"end":{"line":3,"column":13}},"loc":{"start":{"line":3,"column":0},"end":{"line":13,"column":null}}},"1":{"name":"Refund","decl":{"start":{"line":6,"column":2},"end":{"line":6,"column":14}},"loc":{"start":{"line":6,"column":37},"end":{"line":8,"column":3}}},"2":{"name":"(anonymous_2)","decl":{"start":{"line":10,"column":2},"end":{"line":10,"column":8}},"loc":{"start":{"line":10,"column":61},"end":{"line":12,"column":3}}}},"branchMap":{"0":{"loc":{"start":{"line":10,"column":32},"end":{"line":10,"column":null}},"type":"if","locations":[{"start":{"line":10,"column":32},"end":{"line":10,"column":null}}]}},"s":{"0":3,"1":3,"2":3,"3":2,"4":1,"5":3,"6":3},"f":{"0":3,"1":3,"2":1},"b":{"0":[1]}}
,"/Users/claudiopinto/Projects/Personal/ga-ecommerce/src/drivers/Analytics.ts": {"path":"/Users/claudiopinto/Projects/Personal/ga-ecommerce/src/drivers/Analytics.ts","statementMap":{"0":{"start":{"line":1,"column":0},"end":{"line":1,"column":37}},"1":{"start":{"line":2,"column":0},"end":{"line":2,"column":36}},"2":{"start":{"line":7,"column":0},"end":{"line":7,"column":13}},"3":{"start":{"line":10,"column":14},"end":{"line":10,"column":null}},"4":{"start":{"line":11,"column":4},"end":{"line":15,"column":null}},"5":{"start":{"line":12,"column":6},"end":{"line":12,"column":25}},"6":{"start":{"line":14,"column":6},"end":{"line":14,"column":25}},"7":{"start":{"line":18,"column":2},"end":{"line":24,"column":null}},"8":{"start":{"line":18,"column":2},"end":{"line":18,"column":12}},"9":{"start":{"line":19,"column":4},"end":{"line":23,"column":7}},"10":{"start":{"line":20,"column":6},"end":{"line":20,"column":60}},"11":{"start":{"line":20,"column":25},"end":{"line":20,"column":59}},"12":{"start":{"line":21,"column":6},"end":{"line":21,"column":40}},"13":{"start":{"line":22,"column":6},"end":{"line":22,"column":52}},"14":{"start":{"line":26,"column":2},"end":{"line":32,"column":null}},"15":{"start":{"line":27,"column":4},"end":{"line":27,"column":35}},"16":{"start":{"line":28,"column":4},"end":{"line":28,"column":58}},"17":{"start":{"line":29,"column":4},"end":{"line":31,"column":7}},"18":{"start":{"line":34,"column":2},"end":{"line":38,"column":null}},"19":{"start":{"line":35,"column":4},"end":{"line":35,"column":35}},"20":{"start":{"line":36,"column":4},"end":{"line":36,"column":38}},"21":{"start":{"line":37,"column":4},"end":{"line":37,"column":45}},"22":{"start":{"line":40,"column":2},"end":{"line":44,"column":null}},"23":{"start":{"line":41,"column":4},"end":{"line":41,"column":35}},"24":{"start":{"line":42,"column":4},"end":{"line":42,"column":35}},"25":{"start":{"line":43,"column":4},"end":{"line":43,"column":75}},"26":{"start":{"line":46,"column":2},"end":{"line":50,"column":null}},"27":{"start":{"line":47,"column":4},"end":{"line":47,"column":35}},"28":{"start":{"line":48,"column":4},"end":{"line":48,"column":38}},"29":{"start":{"line":49,"column":4},"end":{"line":49,"column":80}},"30":{"start":{"line":52,"column":2},"end":{"line":56,"column":null}},"31":{"start":{"line":53,"column":4},"end":{"line":53,"column":38}},"32":{"start":{"line":54,"column":4},"end":{"line":54,"column":38}},"33":{"start":{"line":55,"column":4},"end":{"line":55,"column":50}},"34":{"start":{"line":58,"column":2},"end":{"line":62,"column":null}},"35":{"start":{"line":59,"column":4},"end":{"line":59,"column":38}},"36":{"start":{"line":60,"column":4},"end":{"line":60,"column":43}},"37":{"start":{"line":61,"column":4},"end":{"line":61,"column":50}},"38":{"start":{"line":64,"column":2},"end":{"line":68,"column":null}},"39":{"start":{"line":64,"column":2},"end":{"line":64,"column":7}},"40":{"start":{"line":65,"column":4},"end":{"line":65,"column":56}},"41":{"start":{"line":65,"column":24},"end":{"line":65,"column":55}},"42":{"start":{"line":66,"column":4},"end":{"line":66,"column":61}},"43":{"start":{"line":67,"column":4},"end":{"line":67,"column":78}},"44":{"start":{"line":70,"column":2},"end":{"line":74,"column":null}},"45":{"start":{"line":70,"column":2},"end":{"line":70,"column":10}},"46":{"start":{"line":71,"column":4},"end":{"line":71,"column":56}},"47":{"start":{"line":71,"column":24},"end":{"line":71,"column":55}},"48":{"start":{"line":72,"column":4},"end":{"line":72,"column":58}},"49":{"start":{"line":73,"column":4},"end":{"line":73,"column":81}},"50":{"start":{"line":76,"column":2},"end":{"line":79,"column":null}},"51":{"start":{"line":77,"column":4},"end":{"line":77,"column":65}},"52":{"start":{"line":78,"column":4},"end":{"line":78,"column":83}},"53":{"start":{"line":81,"column":2},"end":{"line":100,"column":null}},"54":{"start":{"line":81,"column":2},"end":{"line":81,"column":10}},"55":{"start":{"line":90,"column":4},"end":{"line":90,"column":56}},"56":{"start":{"line":90,"column":24},"end":{"line":90,"column":55}},"57":{"start":{"line":91,"column":4},"end":{"line":91,"column":45}},"58":{"start":{"line":92,"column":4},"end":{"line":98,"column":7}},"59":{"start":{"line":99,"column":4},"end":{"line":99,"column":72}},"60":{"start":{"line":102,"column":2},"end":{"line":106,"column":null}},"61":{"start":{"line":102,"column":2},"end":{"line":102,"column":8}},"62":{"start":{"line":102,"column":32},"end":{"line":102,"column":null}},"63":{"start":{"line":103,"column":4},"end":{"line":103,"column":56}},"64":{"start":{"line":103,"column":24},"end":{"line":103,"column":55}},"65":{"start":{"line":104,"column":4},"end":{"line":104,"column":61}},"66":{"start":{"line":105,"column":4},"end":{"line":105,"column":70}},"67":{"start":{"line":108,"column":10},"end":{"line":120,"column":null}},"68":{"start":{"line":110,"column":17},"end":{"line":110,"column":null}},"69":{"start":{"line":111,"column":6},"end":{"line":111,"column":19}},"70":{"start":{"line":111,"column":19},"end":{"line":111,"column":null}},"71":{"start":{"line":112,"column":6},"end":{"line":112,"column":16}},"72":{"start":{"line":112,"column":16},"end":{"line":112,"column":null}},"73":{"start":{"line":113,"column":6},"end":{"line":113,"column":20}},"74":{"start":{"line":113,"column":20},"end":{"line":113,"column":null}},"75":{"start":{"line":114,"column":6},"end":{"line":114,"column":14}},"76":{"start":{"line":114,"column":14},"end":{"line":114,"column":null}},"77":{"start":{"line":117,"column":4},"end":{"line":119,"column":7}},"78":{"start":{"line":121,"column":0},"end":{"line":121,"column":null}},"79":{"start":{"line":7,"column":13},"end":{"line":7,"column":22}}},"fnMap":{"0":{"name":"(anonymous_1)","decl":{"start":{"line":7,"column":0},"end":{"line":7,"column":13}},"loc":{"start":{"line":7,"column":0},"end":{"line":121,"column":null}}},"1":{"name":"Analytics","decl":{"start":{"line":10,"column":2},"end":{"line":10,"column":14}},"loc":{"start":{"line":10,"column":31},"end":{"line":16,"column":3}}},"2":{"name":"(anonymous_3)","decl":{"start":{"line":18,"column":2},"end":{"line":18,"column":12}},"loc":{"start":{"line":18,"column":37},"end":{"line":24,"column":3}}},"3":{"name":"(anonymous_4)","decl":{"start":{"line":19,"column":41},"end":{"line":19,"column":42}},"loc":{"start":{"line":19,"column":46},"end":{"line":23,"column":5}}},"4":{"name":"(anonymous_5)","decl":{"start":{"line":20,"column":15},"end":{"line":20,"column":16}},"loc":{"start":{"line":20,"column":20},"end":{"line":20,"column":29}}},"5":{"name":"(anonymous_6)","decl":{"start":{"line":26,"column":2},"end":{"line":26,"column":11}},"loc":{"start":{"line":26,"column":28},"end":{"line":32,"column":3}}},"6":{"name":"(anonymous_7)","decl":{"start":{"line":34,"column":2},"end":{"line":34,"column":10}},"loc":{"start":{"line":34,"column":27},"end":{"line":38,"column":3}}},"7":{"name":"(anonymous_8)","decl":{"start":{"line":40,"column":2},"end":{"line":40,"column":11}},"loc":{"start":{"line":40,"column":28},"end":{"line":44,"column":3}}},"8":{"name":"(anonymous_9)","decl":{"start":{"line":46,"column":2},"end":{"line":46,"column":16}},"loc":{"start":{"line":46,"column":33},"end":{"line":50,"column":3}}},"9":{"name":"(anonymous_10)","decl":{"start":{"line":52,"column":2},"end":{"line":52,"column":15}},"loc":{"start":{"line":52,"column":36},"end":{"line":56,"column":3}}},"10":{"name":"(anonymous_11)","decl":{"start":{"line":58,"column":2},"end":{"line":58,"column":16}},"loc":{"start":{"line":58,"column":37},"end":{"line":62,"column":3}}},"11":{"name":"(anonymous_12)","decl":{"start":{"line":64,"column":2},"end":{"line":64,"column":7}},"loc":{"start":{"line":64,"column":52},"end":{"line":68,"column":3}}},"12":{"name":"(anonymous_13)","decl":{"start":{"line":65,"column":14},"end":{"line":65,"column":15}},"loc":{"start":{"line":65,"column":19},"end":{"line":65,"column":28}}},"13":{"name":"(anonymous_14)","decl":{"start":{"line":70,"column":2},"end":{"line":70,"column":10}},"loc":{"start":{"line":70,"column":69},"end":{"line":74,"column":3}}},"14":{"name":"(anonymous_15)","decl":{"start":{"line":71,"column":14},"end":{"line":71,"column":15}},"loc":{"start":{"line":71,"column":19},"end":{"line":71,"column":28}}},"15":{"name":"(anonymous_16)","decl":{"start":{"line":76,"column":2},"end":{"line":76,"column":8}},"loc":{"start":{"line":76,"column":37},"end":{"line":79,"column":3}}},"16":{"name":"(anonymous_17)","decl":{"start":{"line":81,"column":2},"end":{"line":81,"column":10}},"loc":{"start":{"line":88,"column":28},"end":{"line":100,"column":3}}},"17":{"name":"(anonymous_18)","decl":{"start":{"line":90,"column":14},"end":{"line":90,"column":15}},"loc":{"start":{"line":90,"column":19},"end":{"line":90,"column":28}}},"18":{"name":"(anonymous_19)","decl":{"start":{"line":102,"column":2},"end":{"line":102,"column":8}},"loc":{"start":{"line":102,"column":61},"end":{"line":106,"column":3}}},"19":{"name":"(anonymous_20)","decl":{"start":{"line":103,"column":14},"end":{"line":103,"column":15}},"loc":{"start":{"line":103,"column":19},"end":{"line":103,"column":28}}},"20":{"name":"(anonymous_21)","decl":{"start":{"line":108,"column":2},"end":{"line":108,"column":10}},"loc":{"start":{"line":115,"column":14},"end":{"line":120,"column":3}}}},"branchMap":{"0":{"loc":{"start":{"line":10,"column":14},"end":{"line":10,"column":null}},"type":"if","locations":[{"start":{"line":10,"column":14},"end":{"line":10,"column":null}}]},"1":{"loc":{"start":{"line":11,"column":4},"end":{"line":15,"column":null}},"type":"if","locations":[{"start":{"line":11,"column":4},"end":{"line":15,"column":null}},{"start":{"line":13,"column":11},"end":{"line":15,"column":null}}]},"2":{"loc":{"start":{"line":102,"column":32},"end":{"line":102,"column":null}},"type":"if","locations":[{"start":{"line":102,"column":32},"end":{"line":102,"column":null}}]},"3":{"loc":{"start":{"line":111,"column":19},"end":{"line":111,"column":null}},"type":"cond-expr","locations":[{"start":{"line":111,"column":22},"end":{"line":111,"column":34}},{"start":{"line":111,"column":34},"end":{"line":111,"column":null}}]},"4":{"loc":{"start":{"line":112,"column":16},"end":{"line":112,"column":null}},"type":"cond-expr","locations":[{"start":{"line":112,"column":19},"end":{"line":112,"column":23}},{"start":{"line":112,"column":23},"end":{"line":112,"column":null}}]},"5":{"loc":{"start":{"line":113,"column":20},"end":{"line":113,"column":null}},"type":"cond-expr","locations":[{"start":{"line":113,"column":23},"end":{"line":113,"column":27}},{"start":{"line":113,"column":27},"end":{"line":113,"column":null}}]},"6":{"loc":{"start":{"line":114,"column":14},"end":{"line":114,"column":null}},"type":"cond-expr","locations":[{"start":{"line":114,"column":17},"end":{"line":114,"column":21}},{"start":{"line":114,"column":21},"end":{"line":114,"column":null}}]}},"s":{"0":2,"1":2,"2":2,"3":21,"4":20,"5":17,"6":3,"7":2,"8":1,"9":1,"10":2,"11":20,"12":2,"13":2,"14":2,"15":1,"16":1,"17":1,"18":2,"19":1,"20":1,"21":1,"22":2,"23":1,"24":1,"25":1,"26":2,"27":1,"28":1,"29":1,"30":2,"31":1,"32":1,"33":1,"34":2,"35":1,"36":1,"37":1,"38":2,"39":2,"40":2,"41":6,"42":2,"43":2,"44":2,"45":2,"46":2,"47":2,"48":2,"49":2,"50":2,"51":1,"52":1,"53":2,"54":1,"55":1,"56":1,"57":1,"58":1,"59":1,"60":2,"61":2,"62":3,"63":2,"64":1,"65":2,"66":2,"67":2,"68":16,"69":16,"70":16,"71":16,"72":16,"73":16,"74":16,"75":16,"76":16,"77":16,"78":2,"79":2},"f":{"0":2,"1":20,"2":1,"3":2,"4":20,"5":1,"6":1,"7":1,"8":1,"9":1,"10":1,"11":2,"12":6,"13":2,"14":2,"15":1,"16":1,"17":1,"18":2,"19":1,"20":16},"b":{"0":[1],"1":[17,3],"2":[1],"3":[5,11],"4":[15,1],"5":[16,0],"6":[16,0]}}
,"/Users/claudiopinto/Projects/Personal/ga-ecommerce/src/drivers/Gtag.ts": {"path":"/Users/claudiopinto/Projects/Personal/ga-ecommerce/src/drivers/Gtag.ts","statementMap":{"0":{"start":{"line":1,"column":0},"end":{"line":1,"column":37}},"1":{"start":{"line":2,"column":0},"end":{"line":2,"column":29}},"2":{"start":{"line":5,"column":0},"end":{"line":5,"column":13}},"3":{"start":{"line":10,"column":14},"end":{"line":10,"column":null}},"4":{"start":{"line":11,"column":4},"end":{"line":15,"column":null}},"5":{"start":{"line":12,"column":6},"end":{"line":12,"column":19}},"6":{"start":{"line":13,"column":6},"end":{"line":13,"column":25}},"7":{"start":{"line":14,"column":6},"end":{"line":14,"column":13}},"8":{"start":{"line":18,"column":4},"end":{"line":18,"column":28}},"9":{"start":{"line":21,"column":2},"end":{"line":23,"column":null}},"10":{"start":{"line":21,"column":2},"end":{"line":21,"column":12}},"11":{"start":{"line":22,"column":4},"end":{"line":22,"column":83}},"12":{"start":{"line":22,"column":35},"end":{"line":22,"column":82}},"13":{"start":{"line":25,"column":2},"end":{"line":32,"column":null}},"14":{"start":{"line":26,"column":4},"end":{"line":31,"column":7}},"15":{"start":{"line":34,"column":2},"end":{"line":40,"column":null}},"16":{"start":{"line":35,"column":4},"end":{"line":39,"column":7}},"17":{"start":{"line":42,"column":2},"end":{"line":49,"column":null}},"18":{"start":{"line":43,"column":4},"end":{"line":48,"column":7}},"19":{"start":{"line":51,"column":2},"end":{"line":58,"column":null}},"20":{"start":{"line":52,"column":4},"end":{"line":57,"column":7}},"21":{"start":{"line":60,"column":2},"end":{"line":64,"column":null}},"22":{"start":{"line":61,"column":4},"end":{"line":63,"column":7}},"23":{"start":{"line":66,"column":2},"end":{"line":70,"column":null}},"24":{"start":{"line":67,"column":4},"end":{"line":69,"column":7}},"25":{"start":{"line":72,"column":2},"end":{"line":77,"column":null}},"26":{"start":{"line":73,"column":4},"end":{"line":76,"column":7}},"27":{"start":{"line":79,"column":2},"end":{"line":85,"column":null}},"28":{"start":{"line":80,"column":4},"end":{"line":84,"column":7}},"29":{"start":{"line":87,"column":2},"end":{"line":93,"column":null}},"30":{"start":{"line":87,"column":39},"end":{"line":87,"column":null}},"31":{"start":{"line":88,"column":4},"end":{"line":92,"column":7}},"32":{"start":{"line":95,"column":2},"end":{"line":113,"column":null}},"33":{"start":{"line":104,"column":4},"end":{"line":112,"column":7}},"34":{"start":{"line":115,"column":2},"end":{"line":117,"column":null}},"35":{"start":{"line":115,"column":32},"end":{"line":115,"column":null}},"36":{"start":{"line":116,"column":4},"end":{"line":116,"column":75}},"37":{"start":{"line":118,"column":0},"end":{"line":118,"column":null}},"38":{"start":{"line":5,"column":13},"end":{"line":5,"column":17}}},"fnMap":{"0":{"name":"(anonymous_1)","decl":{"start":{"line":5,"column":0},"end":{"line":5,"column":13}},"loc":{"start":{"line":5,"column":0},"end":{"line":118,"column":null}}},"1":{"name":"Gtag","decl":{"start":{"line":10,"column":2},"end":{"line":10,"column":14}},"loc":{"start":{"line":10,"column":31},"end":{"line":19,"column":3}}},"2":{"name":"(anonymous_3)","decl":{"start":{"line":21,"column":2},"end":{"line":21,"column":12}},"loc":{"start":{"line":21,"column":37},"end":{"line":23,"column":3}}},"3":{"name":"(anonymous_4)","decl":{"start":{"line":22,"column":25},"end":{"line":22,"column":26}},"loc":{"start":{"line":22,"column":30},"end":{"line":22,"column":39}}},"4":{"name":"(anonymous_5)","decl":{"start":{"line":25,"column":2},"end":{"line":25,"column":11}},"loc":{"start":{"line":25,"column":28},"end":{"line":32,"column":3}}},"5":{"name":"(anonymous_6)","decl":{"start":{"line":34,"column":2},"end":{"line":34,"column":10}},"loc":{"start":{"line":34,"column":27},"end":{"line":40,"column":3}}},"6":{"name":"(anonymous_7)","decl":{"start":{"line":42,"column":2},"end":{"line":42,"column":11}},"loc":{"start":{"line":42,"column":28},"end":{"line":49,"column":3}}},"7":{"name":"(anonymous_8)","decl":{"start":{"line":51,"column":2},"end":{"line":51,"column":16}},"loc":{"start":{"line":51,"column":33},"end":{"line":58,"column":3}}},"8":{"name":"(anonymous_9)","decl":{"start":{"line":60,"column":2},"end":{"line":60,"column":15}},"loc":{"start":{"line":60,"column":36},"end":{"line":64,"column":3}}},"9":{"name":"(anonymous_10)","decl":{"start":{"line":66,"column":2},"end":{"line":66,"column":16}},"loc":{"start":{"line":66,"column":37},"end":{"line":70,"column":3}}},"10":{"name":"(anonymous_11)","decl":{"start":{"line":72,"column":2},"end":{"line":72,"column":7}},"loc":{"start":{"line":72,"column":52},"end":{"line":77,"column":3}}},"11":{"name":"(anonymous_12)","decl":{"start":{"line":79,"column":2},"end":{"line":79,"column":10}},"loc":{"start":{"line":79,"column":69},"end":{"line":85,"column":3}}},"12":{"name":"(anonymous_13)","decl":{"start":{"line":87,"column":2},"end":{"line":87,"column":8}},"loc":{"start":{"line":87,"column":74},"end":{"line":93,"column":3}}},"13":{"name":"(anonymous_14)","decl":{"start":{"line":95,"column":2},"end":{"line":95,"column":10}},"loc":{"start":{"line":102,"column":28},"end":{"line":113,"column":3}}},"14":{"name":"(anonymous_15)","decl":{"start":{"line":115,"column":2},"end":{"line":115,"column":8}},"loc":{"start":{"line":115,"column":61},"end":{"line":117,"column":3}}}},"branchMap":{"0":{"loc":{"start":{"line":10,"column":14},"end":{"line":10,"column":null}},"type":"if","locations":[{"start":{"line":10,"column":14},"end":{"line":10,"column":null}}]},"1":{"loc":{"start":{"line":11,"column":4},"end":{"line":15,"column":null}},"type":"if","locations":[{"start":{"line":11,"column":4},"end":{"line":15,"column":null}}]},"2":{"loc":{"start":{"line":87,"column":39},"end":{"line":87,"column":null}},"type":"if","locations":[{"start":{"line":87,"column":39},"end":{"line":87,"column":null}}]},"3":{"loc":{"start":{"line":115,"column":32},"end":{"line":115,"column":null}},"type":"if","locations":[{"start":{"line":115,"column":32},"end":{"line":115,"column":null}}]}},"s":{"0":2,"1":2,"2":2,"3":21,"4":20,"5":17,"6":17,"7":17,"8":3,"9":2,"10":1,"11":1,"12":2,"13":2,"14":1,"15":2,"16":1,"17":2,"18":1,"19":2,"20":1,"21":2,"22":1,"23":2,"24":1,"25":2,"26":2,"27":2,"28":2,"29":2,"30":3,"31":2,"32":2,"33":1,"34":2,"35":3,"36":2,"37":2,"38":2},"f":{"0":2,"1":20,"2":1,"3":2,"4":1,"5":1,"6":1,"7":1,"8":1,"9":1,"10":2,"11":2,"12":2,"13":1,"14":2},"b":{"0":[1],"1":[17],"2":[1],"3":[1]}}
,"/Users/claudiopinto/Projects/Personal/ga-ecommerce/src/drivers/Interface.ts": {"path":"/Users/claudiopinto/Projects/Personal/ga-ecommerce/src/drivers/Interface.ts","statementMap":{"0":{"start":{"line":1,"column":0},"end":{"line":1,"column":null}},"1":{"start":{"line":2,"column":2},"end":{"line":2,"column":null}},"2":{"start":{"line":3,"column":2},"end":{"line":3,"column":null}},"3":{"start":{"line":4,"column":2},"end":{"line":4,"column":null}}},"fnMap":{"0":{"name":"(anonymous_0)","decl":{"start":{"line":1,"column":0},"end":{"line":1,"column":12}},"loc":{"start":{"line":1,"column":21},"end":{"line":5,"column":1}}}},"branchMap":{"0":{"loc":{"start":{"line":1,"column":12},"end":{"line":1,"column":null}},"type":"binary-expr","locations":[{"start":{"line":1,"column":12},"end":{"line":1,"column":21}},{"start":{"line":1,"column":12},"end":{"line":1,"column":null}}]}},"s":{"0":1,"1":1,"2":1,"3":1},"f":{"0":1},"b":{"0":[1,1]}}
,"/Users/claudiopinto/Projects/Personal/ga-ecommerce/src/drivers/Terminal.ts": {"path":"/Users/claudiopinto/Projects/Personal/ga-ecommerce/src/drivers/Terminal.ts","statementMap":{"0":{"start":{"line":1,"column":0},"end":{"line":1,"column":31}},"1":{"start":{"line":4,"column":0},"end":{"line":4,"column":13}},"2":{"start":{"line":5,"column":10},"end":{"line":5,"column":32}},"3":{"start":{"line":7,"column":2},"end":{"line":9,"column":null}},"4":{"start":{"line":8,"column":4},"end":{"line":8,"column":19}},"5":{"start":{"line":11,"column":2},"end":{"line":13,"column":null}},"6":{"start":{"line":12,"column":4},"end":{"line":12,"column":28}},"7":{"start":{"line":15,"column":2},"end":{"line":17,"column":null}},"8":{"start":{"line":16,"column":4},"end":{"line":16,"column":19}},"9":{"start":{"line":19,"column":2},"end":{"line":21,"column":null}},"10":{"start":{"line":20,"column":4},"end":{"line":20,"column":24}},"11":{"start":{"line":23,"column":2},"end":{"line":25,"column":null}},"12":{"start":{"line":24,"column":4},"end":{"line":24,"column":20}},"13":{"start":{"line":27,"column":2},"end":{"line":29,"column":null}},"14":{"start":{"line":28,"column":4},"end":{"line":28,"column":27}},"15":{"start":{"line":31,"column":2},"end":{"line":33,"column":null}},"16":{"start":{"line":32,"column":4},"end":{"line":32,"column":34}},"17":{"start":{"line":35,"column":2},"end":{"line":45,"column":null}},"18":{"start":{"line":44,"column":4},"end":{"line":44,"column":80}},"19":{"start":{"line":47,"column":2},"end":{"line":49,"column":null}},"20":{"start":{"line":48,"column":4},"end":{"line":48,"column":35}},"21":{"start":{"line":51,"column":2},"end":{"line":53,"column":null}},"22":{"start":{"line":52,"column":4},"end":{"line":52,"column":19}},"23":{"start":{"line":55,"column":2},"end":{"line":57,"column":null}},"24":{"start":{"line":56,"column":4},"end":{"line":56,"column":19}},"25":{"start":{"line":59,"column":2},"end":{"line":61,"column":null}},"26":{"start":{"line":60,"column":4},"end":{"line":60,"column":24}},"27":{"start":{"line":63,"column":10},"end":{"line":65,"column":null}},"28":{"start":{"line":63,"column":14},"end":{"line":63,"column":87}},"29":{"start":{"line":64,"column":4},"end":{"line":64,"column":34}},"30":{"start":{"line":66,"column":0},"end":{"line":66,"column":null}},"31":{"start":{"line":4,"column":13},"end":{"line":4,"column":21}}},"fnMap":{"0":{"name":"(anonymous_0)","decl":{"start":{"line":4,"column":0},"end":{"line":4,"column":13}},"loc":{"start":{"line":4,"column":0},"end":{"line":66,"column":null}}},"1":{"name":"(anonymous_2)","decl":{"start":{"line":7,"column":2},"end":{"line":7,"column":11}},"loc":{"start":{"line":7,"column":28},"end":{"line":9,"column":3}}},"2":{"name":"(anonymous_3)","decl":{"start":{"line":11,"column":2},"end":{"line":11,"column":7}},"loc":{"start":{"line":11,"column":52},"end":{"line":13,"column":3}}},"3":{"name":"(anonymous_4)","decl":{"start":{"line":15,"column":2},"end":{"line":15,"column":11}},"loc":{"start":{"line":15,"column":28},"end":{"line":17,"column":3}}},"4":{"name":"(anonymous_5)","decl":{"start":{"line":19,"column":2},"end":{"line":19,"column":16}},"loc":{"start":{"line":19,"column":37},"end":{"line":21,"column":3}}},"5":{"name":"(anonymous_6)","decl":{"start":{"line":23,"column":2},"end":{"line":23,"column":12}},"loc":{"start":{"line":23,"column":37},"end":{"line":25,"column":3}}},"6":{"name":"(anonymous_7)","decl":{"start":{"line":27,"column":2},"end":{"line":27,"column":8}},"loc":{"start":{"line":27,"column":37},"end":{"line":29,"column":3}}},"7":{"name":"(anonymous_8)","decl":{"start":{"line":31,"column":2},"end":{"line":31,"column":10}},"loc":{"start":{"line":31,"column":69},"end":{"line":33,"column":3}}},"8":{"name":"(anonymous_9)","decl":{"start":{"line":35,"column":2},"end":{"line":35,"column":10}},"loc":{"start":{"line":42,"column":28},"end":{"line":45,"column":3}}},"9":{"name":"(anonymous_10)","decl":{"start":{"line":47,"column":2},"end":{"line":47,"column":8}},"loc":{"start":{"line":47,"column":56},"end":{"line":49,"column":3}}},"10":{"name":"(anonymous_11)","decl":{"start":{"line":51,"column":2},"end":{"line":51,"column":16}},"loc":{"start":{"line":51,"column":33},"end":{"line":53,"column":3}}},"11":{"name":"(anonymous_12)","decl":{"start":{"line":55,"column":2},"end":{"line":55,"column":10}},"loc":{"start":{"line":55,"column":27},"end":{"line":57,"column":3}}},"12":{"name":"(anonymous_13)","decl":{"start":{"line":59,"column":2},"end":{"line":59,"column":15}},"loc":{"start":{"line":59,"column":36},"end":{"line":61,"column":3}}},"13":{"name":"(anonymous_14)","decl":{"start":{"line":63,"column":2},"end":{"line":63,"column":10}},"loc":{"start":{"line":63,"column":2},"end":{"line":65,"column":3}}}},"branchMap":{},"s":{"0":9,"1":9,"2":2,"3":9,"4":1,"5":9,"6":2,"7":9,"8":1,"9":9,"10":1,"11":9,"12":1,"13":9,"14":1,"15":9,"16":2,"17":9,"18":1,"19":9,"20":1,"21":9,"22":1,"23":9,"24":1,"25":9,"26":1,"27":9,"28":56,"29":14,"30":9,"31":9},"f":{"0":11,"1":1,"2":2,"3":1,"4":1,"5":1,"6":1,"7":2,"8":1,"9":1,"10":1,"11":1,"12":1,"13":14},"b":{}}
,"/Users/claudiopinto/Projects/Personal/ga-ecommerce/src/entities/Cart.ts": {"path":"/Users/claudiopinto/Projects/Personal/ga-ecommerce/src/entities/Cart.ts","statementMap":{"0":{"start":{"line":4,"column":0},"end":{"line":4,"column":13}},"1":{"start":{"line":10,"column":4},"end":{"line":10,"column":25}},"2":{"start":{"line":11,"column":4},"end":{"line":11,"column":20}},"3":{"start":{"line":14,"column":2},"end":{"line":17,"column":null}},"4":{"start":{"line":15,"column":4},"end":{"line":15,"column":29}},"5":{"start":{"line":16,"column":4},"end":{"line":16,"column":35}},"6":{"start":{"line":19,"column":2},"end":{"line":22,"column":null}},"7":{"start":{"line":20,"column":4},"end":{"line":20,"column":74}},"8":{"start":{"line":20,"column":50},"end":{"line":20,"column":73}},"9":{"start":{"line":21,"column":4},"end":{"line":21,"column":40}},"10":{"start":{"line":24,"column":2},"end":{"line":26,"column":null}},"11":{"start":{"line":25,"column":4},"end":{"line":25,"column":22}},"12":{"start":{"line":28,"column":2},"end":{"line":31,"column":null}},"13":{"start":{"line":29,"column":4},"end":{"line":30,"column":77}},"14":{"start":{"line":30,"column":47},"end":{"line":30,"column":74}},"15":{"start":{"line":32,"column":0},"end":{"line":32,"column":null}},"16":{"start":{"line":4,"column":13},"end":{"line":4,"column":17}}},"fnMap":{"0":{"name":"(anonymous_0)","decl":{"start":{"line":4,"column":0},"end":{"line":4,"column":13}},"loc":{"start":{"line":4,"column":0},"end":{"line":32,"column":null}}},"1":{"name":"Cart","decl":{"start":{"line":9,"column":2},"end":{"line":9,"column":14}},"loc":{"start":{"line":9,"column":37},"end":{"line":12,"column":3}}},"2":{"name":"(anonymous_2)","decl":{"start":{"line":14,"column":2},"end":{"line":14,"column":5}},"loc":{"start":{"line":14,"column":22},"end":{"line":17,"column":3}}},"3":{"name":"(anonymous_3)","decl":{"start":{"line":19,"column":2},"end":{"line":19,"column":8}},"loc":{"start":{"line":19,"column":25},"end":{"line":22,"column":3}}},"4":{"name":"(anonymous_4)","decl":{"start":{"line":20,"column":40},"end":{"line":20,"column":41}},"loc":{"start":{"line":20,"column":45},"end":{"line":20,"column":54}}},"5":{"name":"(anonymous_5)","decl":{"start":{"line":24,"column":2},"end":{"line":24,"column":10}},"loc":{"start":{"line":24,"column":2},"end":{"line":26,"column":3}}},"6":{"name":"(anonymous_6)","decl":{"start":{"line":28,"column":2},"end":{"line":28,"column":12}},"loc":{"start":{"line":28,"column":2},"end":{"line":31,"column":3}}},"7":{"name":"(anonymous_7)","decl":{"start":{"line":30,"column":14},"end":{"line":30,"column":15}},"loc":{"start":{"line":30,"column":42},"end":{"line":30,"column":51}}}},"branchMap":{"0":{"loc":{"start":{"line":30,"column":47},"end":{"line":30,"column":72}},"type":"binary-expr","locations":[{"start":{"line":30,"column":47},"end":{"line":30,"column":67}},{"start":{"line":30,"column":71},"end":{"line":30,"column":72}}]}},"s":{"0":3,"1":6,"2":6,"3":3,"4":6,"5":6,"6":3,"7":1,"8":1,"9":1,"10":3,"11":13,"12":3,"13":6,"14":6,"15":3,"16":3},"f":{"0":3,"1":6,"2":6,"3":1,"4":1,"5":13,"6":6,"7":6},"b":{"0":[6,0]}}
,"/Users/claudiopinto/Projects/Personal/ga-ecommerce/src/entities/Product.ts": {"path":"/Users/claudiopinto/Projects/Personal/ga-ecommerce/src/entities/Product.ts","statementMap":{"0":{"start":{"line":5,"column":0},"end":{"line":5,"column":13}},"1":{"start":{"line":11,"column":4},"end":{"line":11,"column":25}},"2":{"start":{"line":12,"column":4},"end":{"line":12,"column":21}},"3":{"start":{"line":15,"column":2},"end":{"line":17,"column":null}},"4":{"start":{"line":16,"column":4},"end":{"line":16,"column":21}},"5":{"start":{"line":19,"column":2},"end":{"line":21,"column":null}},"6":{"start":{"line":20,"column":4},"end":{"line":20,"column":32}},"7":{"start":{"line":23,"column":2},"end":{"line":25,"column":null}},"8":{"start":{"line":24,"column":4},"end":{"line":24,"column":31}},"9":{"start":{"line":27,"column":2},"end":{"line":29,"column":null}},"10":{"start":{"line":28,"column":4},"end":{"line":28,"column":24}},"11":{"start":{"line":32,"column":4},"end":{"line":32,"column":25}},"12":{"start":{"line":35,"column":2},"end":{"line":37,"column":null}},"13":{"start":{"line":36,"column":4},"end":{"line":36,"column":26}},"14":{"start":{"line":40,"column":4},"end":{"line":40,"column":27}},"15":{"start":{"line":43,"column":2},"end":{"line":45,"column":null}},"16":{"start":{"line":44,"column":4},"end":{"line":44,"column":26}},"17":{"start":{"line":48,"column":4},"end":{"line":48,"column":27}},"18":{"start":{"line":51,"column":2},"end":{"line":53,"column":null}},"19":{"start":{"line":52,"column":4},"end":{"line":52,"column":27}},"20":{"start":{"line":56,"column":4},"end":{"line":56,"column":28}},"21":{"start":{"line":59,"column":2},"end":{"line":61,"column":null}},"22":{"start":{"line":60,"column":4},"end":{"line":60,"column":30}},"23":{"start":{"line":64,"column":4},"end":{"line":64,"column":31}},"24":{"start":{"line":67,"column":2},"end":{"line":69,"column":null}},"25":{"start":{"line":68,"column":4},"end":{"line":68,"column":29}},"26":{"start":{"line":72,"column":4},"end":{"line":72,"column":30}},"27":{"start":{"line":75,"column":2},"end":{"line":77,"column":null}},"28":{"start":{"line":76,"column":4},"end":{"line":76,"column":30}},"29":{"start":{"line":80,"column":4},"end":{"line":80,"column":31}},"30":{"start":{"line":83,"column":2},"end":{"line":85,"column":null}},"31":{"start":{"line":84,"column":4},"end":{"line":84,"column":27}},"32":{"start":{"line":88,"column":4},"end":{"line":88,"column":28}},"33":{"start":{"line":91,"column":2},"end":{"line":93,"column":null}},"34":{"start":{"line":92,"column":4},"end":{"line":92,"column":35}},"35":{"start":{"line":96,"column":4},"end":{"line":96,"column":31}},"36":{"start":{"line":99,"column":2},"end":{"line":101,"column":null}},"37":{"start":{"line":100,"column":4},"end":{"line":100,"column":28}},"38":{"start":{"line":104,"column":4},"end":{"line":104,"column":29}},"39":{"start":{"line":106,"column":0},"end":{"line":106,"column":null}},"40":{"start":{"line":5,"column":13},"end":{"line":5,"column":20}}},"fnMap":{"0":{"name":"(anonymous_0)","decl":{"start":{"line":5,"column":0},"end":{"line":5,"column":13}},"loc":{"start":{"line":5,"column":0},"end":{"line":106,"column":null}}},"1":{"name":"Product","decl":{"start":{"line":10,"column":2},"end":{"line":10,"column":14}},"loc":{"start":{"line":10,"column":57},"end":{"line":13,"column":3}}},"2":{"name":"(anonymous_2)","decl":{"start":{"line":15,"column":2},"end":{"line":15,"column":9}},"loc":{"start":{"line":15,"column":2},"end":{"line":17,"column":3}}},"3":{"name":"(anonymous_3)","decl":{"start":{"line":19,"column":2},"end":{"line":19,"column":7}},"loc":{"start":{"line":19,"column":2},"end":{"line":21,"column":3}}},"4":{"name":"(anonymous_4)","decl":{"start":{"line":23,"column":2},"end":{"line":23,"column":12}},"loc":{"start":{"line":23,"column":2},"end":{"line":25,"column":3}}},"5":{"name":"(anonymous_5)","decl":{"start":{"line":27,"column":2},"end":{"line":27,"column":6}},"loc":{"start":{"line":27,"column":2},"end":{"line":29,"column":3}}},"6":{"name":"(anonymous_6)","decl":{"start":{"line":31,"column":2},"end":{"line":31,"column":9}},"loc":{"start":{"line":31,"column":22},"end":{"line":33,"column":3}}},"7":{"name":"(anonymous_7)","decl":{"start":{"line":35,"column":2},"end":{"line":35,"column":6}},"loc":{"start":{"line":35,"column":2},"end":{"line":37,"column":3}}},"8":{"name":"(anonymous_8)","decl":{"start":{"line":39,"column":2},"end":{"line":39,"column":11}},"loc":{"start":{"line":39,"column":24},"end":{"line":41,"column":3}}},"9":{"name":"(anonymous_9)","decl":{"start":{"line":43,"column":2},"end":{"line":43,"column":6}},"loc":{"start":{"line":43,"column":2},"end":{"line":45,"column":3}}},"10":{"name":"(anonymous_10)","decl":{"start":{"line":47,"column":2},"end":{"line":47,"column":11}},"loc":{"start":{"line":47,"column":24},"end":{"line":49,"column":3}}},"11":{"name":"(anonymous_11)","decl":{"start":{"line":51,"column":2},"end":{"line":51,"column":6}},"loc":{"start":{"line":51,"column":2},"end":{"line":53,"column":3}}},"12":{"name":"(anonymous_12)","decl":{"start":{"line":55,"column":2},"end":{"line":55,"column":12}},"loc":{"start":{"line":55,"column":25},"end":{"line":57,"column":3}}},"13":{"name":"(anonymous_13)","decl":{"start":{"line":59,"column":2},"end":{"line":59,"column":6}},"loc":{"start":{"line":59,"column":2},"end":{"line":61,"column":3}}},"14":{"name":"(anonymous_14)","decl":{"start":{"line":63,"column":2},"end":{"line":63,"column":15}},"loc":{"start":{"line":63,"column":28},"end":{"line":65,"column":3}}},"15":{"name":"(anonymous_15)","decl":{"start":{"line":67,"column":2},"end":{"line":67,"column":6}},"loc":{"start":{"line":67,"column":2},"end":{"line":69,"column":3}}},"16":{"name":"(anonymous_16)","decl":{"start":{"line":71,"column":2},"end":{"line":71,"column":14}},"loc":{"start":{"line":71,"column":27},"end":{"line":73,"column":3}}},"17":{"name":"(anonymous_17)","decl":{"start":{"line":75,"column":2},"end":{"line":75,"column":6}},"loc":{"start":{"line":75,"column":2},"end":{"line":77,"column":3}}},"18":{"name":"(anonymous_18)","decl":{"start":{"line":79,"column":2},"end":{"line":79,"column":15}},"loc":{"start":{"line":79,"column":28},"end":{"line":81,"column":3}}},"19":{"name":"(anonymous_19)","decl":{"start":{"line":83,"column":2},"end":{"line":83,"column":6}},"loc":{"start":{"line":83,"column":2},"end":{"line":85,"column":3}}},"20":{"name":"(anonymous_20)","decl":{"start":{"line":87,"column":2},"end":{"line":87,"column":12}},"loc":{"start":{"line":87,"column":25},"end":{"line":89,"column":3}}},"21":{"name":"(anonymous_21)","decl":{"start":{"line":91,"column":2},"end":{"line":91,"column":6}},"loc":{"start":{"line":91,"column":2},"end":{"line":93,"column":3}}},"22":{"name":"(anonymous_22)","decl":{"start":{"line":95,"column":2},"end":{"line":95,"column":15}},"loc":{"start":{"line":95,"column":28},"end":{"line":97,"column":3}}},"23":{"name":"(anonymous_23)","decl":{"start":{"line":99,"column":2},"end":{"line":99,"column":6}},"loc":{"start":{"line":99,"column":2},"end":{"line":101,"column":3}}},"24":{"name":"(anonymous_24)","decl":{"start":{"line":103,"column":2},"end":{"line":103,"column":13}},"loc":{"start":{"line":103,"column":26},"end":{"line":105,"column":3}}}},"branchMap":{"0":{"loc":{"start":{"line":92,"column":11},"end":{"line":92,"column":34}},"type":"binary-expr","locations":[{"start":{"line":92,"column":11},"end":{"line":92,"column":29}},{"start":{"line":92,"column":33},"end":{"line":92,"column":34}}]}},"s":{"0":6,"1":35,"2":35,"3":6,"4":22,"5":6,"6":1,"7":6,"8":1,"9":6,"10":13,"11":1,"12":6,"13":1,"14":1,"15":6,"16":9,"17":16,"18":6,"19":1,"20":1,"21":6,"22":1,"23":1,"24":6,"25":1,"26":1,"27":6,"28":1,"29":1,"30":6,"31":1,"32":1,"33":6,"34":8,"35":1,"36":6,"37":2,"38":1,"39":6,"40":6},"f":{"0":6,"1":35,"2":22,"3":1,"4":1,"5":13,"6":1,"7":1,"8":1,"9":9,"10":16,"11":1,"12":1,"13":1,"14":1,"15":1,"16":1,"17":1,"18":1,"19":1,"20":1,"21":8,"22":1,"23":2,"24":1},"b":{"0":[8,4]}}
,"/Users/claudiopinto/Projects/Personal/ga-ecommerce/src/entities/Promotion.ts": {"path":"/Users/claudiopinto/Projects/Personal/ga-ecommerce/src/entities/Promotion.ts","statementMap":{"0":{"start":{"line":9,"column":0},"end":{"line":9,"column":13}},"1":{"start":{"line":15,"column":4},"end":{"line":15,"column":25}},"2":{"start":{"line":16,"column":4},"end":{"line":16,"column":21}},"3":{"start":{"line":19,"column":2},"end":{"line":21,"column":null}},"4":{"start":{"line":20,"column":4},"end":{"line":20,"column":36}},"5":{"start":{"line":23,"column":2},"end":{"line":25,"column":null}},"6":{"start":{"line":24,"column":4},"end":{"line":24,"column":37}},"7":{"start":{"line":27,"column":2},"end":{"line":29,"column":null}},"8":{"start":{"line":28,"column":4},"end":{"line":28,"column":21}},"9":{"start":{"line":31,"column":2},"end":{"line":33,"column":null}},"10":{"start":{"line":32,"column":4},"end":{"line":32,"column":24}},"11":{"start":{"line":36,"column":4},"end":{"line":36,"column":25}},"12":{"start":{"line":39,"column":2},"end":{"line":41,"column":null}},"13":{"start":{"line":40,"column":4},"end":{"line":40,"column":26}},"14":{"start":{"line":44,"column":4},"end":{"line":44,"column":27}},"15":{"start":{"line":47,"column":2},"end":{"line":49,"column":null}},"16":{"start":{"line":48,"column":4},"end":{"line":48,"column":30}},"17":{"start":{"line":52,"column":4},"end":{"line":52,"column":31}},"18":{"start":{"line":55,"column":2},"end":{"line":57,"column":null}},"19":{"start":{"line":56,"column":4},"end":{"line":56,"column":30}},"20":{"start":{"line":60,"column":4},"end":{"line":60,"column":31}},"21":{"start":{"line":62,"column":0},"end":{"line":62,"column":null}},"22":{"start":{"line":9,"column":13},"end":{"line":9,"column":22}}},"fnMap":{"0":{"name":"(anonymous_0)","decl":{"start":{"line":9,"column":0},"end":{"line":9,"column":13}},"loc":{"start":{"line":9,"column":0},"end":{"line":62,"column":null}}},"1":{"name":"Promotion","decl":{"start":{"line":14,"column":2},"end":{"line":14,"column":14}},"loc":{"start":{"line":14,"column":52},"end":{"line":17,"column":3}}},"2":{"name":"(anonymous_2)","decl":{"start":{"line":19,"column":2},"end":{"line":19,"column":12}},"loc":{"start":{"line":19,"column":2},"end":{"line":21,"column":3}}},"3":{"name":"(anonymous_3)","decl":{"start":{"line":23,"column":2},"end":{"line":23,"column":7}},"loc":{"start":{"line":23,"column":2},"end":{"line":25,"column":3}}},"4":{"name":"(anonymous_4)","decl":{"start":{"line":27,"column":2},"end":{"line":27,"column":9}},"loc":{"start":{"line":27,"column":2},"end":{"line":29,"column":3}}},"5":{"name":"(anonymous_5)","decl":{"start":{"line":31,"column":2},"end":{"line":31,"column":6}},"loc":{"start":{"line":31,"column":2},"end":{"line":33,"column":3}}},"6":{"name":"(anonymous_6)","decl":{"start":{"line":35,"column":2},"end":{"line":35,"column":9}},"loc":{"start":{"line":35,"column":14},"end":{"line":37,"column":3}}},"7":{"name":"(anonymous_7)","decl":{"start":{"line":39,"column":2},"end":{"line":39,"column":6}},"loc":{"start":{"line":39,"column":2},"end":{"line":41,"column":3}}},"8":{"name":"(anonymous_8)","decl":{"start":{"line":43,"column":2},"end":{"line":43,"column":11}},"loc":{"start":{"line":43,"column":24},"end":{"line":45,"column":3}}},"9":{"name":"(anonymous_9)","decl":{"start":{"line":47,"column":2},"end":{"line":47,"column":6}},"loc":{"start":{"line":47,"column":2},"end":{"line":49,"column":3}}},"10":{"name":"(anonymous_10)","decl":{"start":{"line":51,"column":2},"end":{"line":51,"column":15}},"loc":{"start":{"line":51,"column":20},"end":{"line":53,"column":3}}},"11":{"name":"(anonymous_11)","decl":{"start":{"line":55,"column":2},"end":{"line":55,"column":6}},"loc":{"start":{"line":55,"column":2},"end":{"line":57,"column":3}}},"12":{"name":"(anonymous_12)","decl":{"start":{"line":59,"column":2},"end":{"line":59,"column":15}},"loc":{"start":{"line":59,"column":28},"end":{"line":61,"column":3}}}},"branchMap":{},"s":{"0":3,"1":8,"2":8,"3":3,"4":1,"5":3,"6":1,"7":3,"8":7,"9":3,"10":6,"11":1,"12":3,"13":1,"14":1,"15":3,"16":2,"17":1,"18":3,"19":1,"20":1,"21":3,"22":3},"f":{"0":3,"1":8,"2":1,"3":1,"4":7,"5":6,"6":1,"7":1,"8":1,"9":2,"10":1,"11":1,"12":1},"b":{}}
,"/Users/claudiopinto/Projects/Personal/ga-ecommerce/src/helpers/Storage.ts": {"path":"/Users/claudiopinto/Projects/Personal/ga-ecommerce/src/helpers/Storage.ts","statementMap":{"0":{"start":{"line":1,"column":0},"end":{"line":1,"column":13}},"1":{"start":{"line":7,"column":4},"end":{"line":7,"column":43}},"2":{"start":{"line":8,"column":4},"end":{"line":8,"column":16}},"3":{"start":{"line":11,"column":2},"end":{"line":13,"column":null}},"4":{"start":{"line":12,"column":4},"end":{"line":12,"column":61}},"5":{"start":{"line":15,"column":2},"end":{"line":20,"column":null}},"6":{"start":{"line":16,"column":4},"end":{"line":16,"column":21}},"7":{"start":{"line":17,"column":4},"end":{"line":17,"column":64}},"8":{"start":{"line":19,"column":4},"end":{"line":19,"column":16}},"9":{"start":{"line":22,"column":2},"end":{"line":26,"column":null}},"10":{"start":{"line":23,"column":4},"end":{"line":23,"column":36}},"11":{"start":{"line":24,"column":4},"end":{"line":24,"column":26}},"12":{"start":{"line":25,"column":4},"end":{"line":25,"column":16}},"13":{"start":{"line":28,"column":2},"end":{"line":30,"column":null}},"14":{"start":{"line":29,"column":4},"end":{"line":29,"column":54}},"15":{"start":{"line":32,"column":2},"end":{"line":34,"column":null}},"16":{"start":{"line":32,"column":22},"end":{"line":32,"column":null}},"17":{"start":{"line":33,"column":4},"end":{"line":33,"column":42}},"18":{"start":{"line":35,"column":0},"end":{"line":35,"column":null}},"19":{"start":{"line":1,"column":13},"end":{"line":1,"column":20}},"20":{"start":{"line":37,"column":13},"end":{"line":37,"column":42}},"21":{"start":{"line":38,"column":13},"end":{"line":38,"column":56}},"22":{"start":{"line":39,"column":13},"end":{"line":39,"column":64}},"23":{"start":{"line":40,"column":13},"end":{"line":40,"column":53}}},"fnMap":{"0":{"name":"(anonymous_2)","decl":{"start":{"line":1,"column":0},"end":{"line":1,"column":13}},"loc":{"start":{"line":1,"column":0},"end":{"line":35,"column":null}}},"1":{"name":"Storage","decl":{"start":{"line":6,"column":2},"end":{"line":6,"column":null}},"loc":{"start":{"line":6,"column":2},"end":{"line":9,"column":3}}},"2":{"name":"(anonymous_4)","decl":{"start":{"line":11,"column":2},"end":{"line":11,"column":6}},"loc":{"start":{"line":11,"column":2},"end":{"line":13,"column":3}}},"3":{"name":"(anonymous_5)","decl":{"start":{"line":15,"column":2},"end":{"line":15,"column":7}},"loc":{"start":{"line":15,"column":17},"end":{"line":20,"column":3}}},"4":{"name":"(anonymous_6)","decl":{"start":{"line":22,"column":2},"end":{"line":22,"column":6}},"loc":{"start":{"line":22,"column":2},"end":{"line":26,"column":3}}},"5":{"name":"(anonymous_7)","decl":{"start":{"line":28,"column":2},"end":{"line":28,"column":8}},"loc":{"start":{"line":28,"column":32},"end":{"line":30,"column":3}}},"6":{"name":"(anonymous_8)","decl":{"start":{"line":32,"column":2},"end":{"line":32,"column":8}},"loc":{"start":{"line":32,"column":45},"end":{"line":34,"column":3}}}},"branchMap":{"0":{"loc":{"start":{"line":23,"column":17},"end":{"line":23,"column":34}},"type":"binary-expr","locations":[{"start":{"line":23,"column":17},"end":{"line":23,"column":28}},{"start":{"line":23,"column":32},"end":{"line":23,"column":34}}]},"1":{"loc":{"start":{"line":32,"column":22},"end":{"line":32,"column":null}},"type":"if","locations":[{"start":{"line":32,"column":22},"end":{"line":32,"column":null}}]},"2":{"loc":{"start":{"line":33,"column":11},"end":{"line":33,"column":41}},"type":"binary-expr","locations":[{"start":{"line":33,"column":11},"end":{"line":33,"column":25}},{"start":{"line":33,"column":29},"end":{"line":33,"column":41}}]}},"s":{"0":3,"1":2,"2":2,"3":3,"4":4,"5":3,"6":5,"7":5,"8":5,"9":3,"10":2,"11":2,"12":2,"13":3,"14":1,"15":3,"16":5,"17":4,"18":3,"19":3,"20":3,"21":3,"22":3,"23":3},"f":{"0":3,"1":2,"2":4,"3":5,"4":2,"5":1,"6":4},"b":{"0":[2,2],"1":[1],"2":[4,3]}}
,"/Users/claudiopinto/Projects/Personal/ga-ecommerce/src/helpers/chunk.ts": {"path":"/Users/claudiopinto/Projects/Personal/ga-ecommerce/src/helpers/chunk.ts","statementMap":{"0":{"start":{"line":1,"column":14},"end":{"line":1,"column":68}},"1":{"start":{"line":1,"column":66},"end":{"line":6,"column":2}},"2":{"start":{"line":2,"column":26},"end":{"line":4,"column":null}},"3":{"start":{"line":8,"column":0},"end":{"line":8,"column":21}}},"fnMap":{"0":{"name":"(anonymous_1)","decl":{"start":{"line":1,"column":14},"end":{"line":1,"column":18}},"loc":{"start":{"line":1,"column":44},"end":{"line":1,"column":68}}},"1":{"name":"(anonymous_2)","decl":{"start":{"line":2,"column":2},"end":{"line":2,"column":3}},"loc":{"start":{"line":2,"column":21},"end":{"line":2,"column":27}}}},"branchMap":{"0":{"loc":{"start":{"line":2,"column":27},"end":{"line":4,"column":14}},"type":"cond-expr","locations":[{"start":{"line":3,"column":5},"end":{"line":3,"column":null}},{"start":{"line":4,"column":6},"end":{"line":4,"column":14}}]}},"s":{"0":4,"1":3,"2":46,"3":4},"f":{"0":3,"1":46},"b":{"0":[6,40]}}
}
