TN:
SF:src/Tracker.ts
FN:9,(anonymous_0)
FN:12,Tracker
FN:16,(anonymous_2)
FN:20,(anonymous_3)
FN:24,(anonymous_4)
FN:28,(anonymous_5)
FN:32,(anonymous_6)
FN:36,(anonymous_7)
FN:40,(anonymous_8)
FNF:9
FNH:9
FNDA:2,(anonymous_0)
FNDA:7,Tracker
FNDA:6,(anonymous_2)
FNDA:2,(anonymous_3)
FNDA:1,(anonymous_4)
FNDA:1,(anonymous_5)
FNDA:1,(anonymous_6)
FNDA:1,(anonymous_7)
FNDA:1,(anonymous_8)
DA:2,2
DA:3,2
DA:4,2
DA:5,2
DA:6,2
DA:7,2
DA:9,2
DA:13,7
DA:16,2
DA:17,6
DA:20,3
DA:21,2
DA:24,2
DA:25,1
DA:28,2
DA:29,1
DA:32,2
DA:33,1
DA:36,2
DA:37,1
DA:40,2
DA:41,1
DA:43,2
LF:23
LH:23
BRDA:20,0,0,1
BRF:1
BRH:1
end_of_record
TN:
SF:src/index.ts
FN:7,(anonymous_0)
FNF:1
FNH:1
FNDA:6,(anonymous_0)
DA:1,1
DA:2,1
DA:3,1
DA:4,1
DA:5,1
DA:7,7
DA:8,6
DA:10,3
DA:12,1
DA:15,2
DA:20,1
DA:22,1
LF:12
LH:12
BRDA:7,0,0,1
BRDA:7,1,0,1
BRDA:8,2,0,3
BRDA:8,2,1,1
BRDA:8,2,2,2
BRDA:8,2,3,2
BRF:6
BRH:6
end_of_record
TN:
SF:src/actions/Checkout.ts
FN:4,(anonymous_0)
FN:21,Checkout
FN:30,(anonymous_2)
FN:37,(anonymous_3)
FN:46,(anonymous_4)
FN:50,(anonymous_5)
FN:62,(anonymous_6)
FN:68,(anonymous_7)
FN:72,(anonymous_8)
FN:80,(anonymous_9)
FNF:10
FNH:10
FNDA:3,(anonymous_0)
FNDA:13,Checkout
FNDA:3,(anonymous_2)
FNDA:4,(anonymous_3)
FNDA:1,(anonymous_4)
FNDA:6,(anonymous_5)
FNDA:1,(anonymous_6)
FNDA:8,(anonymous_7)
FNDA:8,(anonymous_8)
FNDA:13,(anonymous_9)
DA:2,3
DA:4,3
DA:19,13
DA:22,13
DA:23,13
DA:24,13
DA:25,13
DA:26,13
DA:27,13
DA:30,3
DA:31,3
DA:32,3
DA:33,3
DA:34,3
DA:37,5
DA:38,4
DA:39,4
DA:40,4
DA:41,4
DA:43,4
DA:46,3
DA:47,1
DA:50,3
DA:51,6
DA:52,6
DA:53,6
DA:54,6
DA:55,6
DA:56,6
DA:58,6
DA:59,6
DA:62,3
DA:63,1
DA:65,1
DA:68,3
DA:69,8
DA:72,3
DA:73,8
DA:74,8
DA:75,8
DA:77,8
DA:80,3
DA:81,13
DA:82,13
DA:83,13
DA:85,3
LF:46
LH:46
BRDA:37,0,0,1
BRDA:40,1,0,4
BRDA:40,1,1,1
BRDA:52,2,0,0
BRDA:52,2,1,6
BRDA:53,3,0,0
BRDA:53,3,1,6
BRDA:54,4,0,0
BRDA:54,4,1,6
BRDA:55,5,0,0
BRDA:55,5,1,6
BRDA:56,6,0,0
BRDA:56,6,1,6
BRF:13
BRH:8
end_of_record
TN:
SF:src/actions/Collection.ts
FN:4,(anonymous_0)
FN:11,Collection
FN:19,(anonymous_2)
FN:22,(anonymous_3)
FN:26,(anonymous_4)
FN:27,(anonymous_5)
FN:30,(anonymous_6)
FN:43,(anonymous_7)
FN:47,(anonymous_8)
FN:51,(anonymous_9)
FNF:10
FNH:10
FNDA:3,(anonymous_0)
FNDA:18,Collection
FNDA:3,(anonymous_2)
FNDA:12,(anonymous_3)
FNDA:2,(anonymous_4)
FNDA:3,(anonymous_5)
FNDA:16,(anonymous_6)
FNDA:2,(anonymous_7)
FNDA:2,(anonymous_8)
FNDA:5,(anonymous_9)
DA:1,3
DA:4,3
DA:11,18
DA:12,21
DA:13,22
DA:14,25
DA:16,18
DA:17,18
DA:18,18
DA:19,18
DA:22,3
DA:23,12
DA:26,3
DA:27,3
DA:30,3
DA:31,16
DA:34,16
DA:35,1
DA:37,15
DA:40,16
DA:43,3
DA:44,2
DA:47,3
DA:48,2
DA:51,3
DA:52,5
DA:54,3
LF:27
LH:27
BRDA:12,0,0,3
BRDA:13,1,0,4
BRDA:14,2,0,7
BRDA:26,3,0,1
BRDA:31,4,0,14
BRDA:31,4,1,2
BRDA:34,5,0,1
BRDA:34,5,1,15
BRDA:34,6,0,16
BRDA:34,6,1,6
BRDA:44,7,0,1
BRDA:44,7,1,1
BRDA:44,8,0,2
BRDA:44,8,1,1
BRDA:47,9,0,1
BRF:15
BRH:15
end_of_record
TN:
SF:src/actions/Refund.ts
FN:3,(anonymous_0)
FN:6,Refund
FN:10,(anonymous_2)
FNF:3
FNH:3
FNDA:3,(anonymous_0)
FNDA:3,Refund
FNDA:1,(anonymous_2)
DA:3,3
DA:7,3
DA:10,3
DA:11,1
DA:13,3
LF:5
LH:5
BRDA:10,0,0,1
BRF:1
BRH:1
end_of_record
TN:
SF:src/drivers/Analytics.ts
FN:7,(anonymous_1)
FN:10,Analytics
FN:18,(anonymous_3)
FN:19,(anonymous_4)
FN:20,(anonymous_5)
FN:26,(anonymous_6)
FN:34,(anonymous_7)
FN:40,(anonymous_8)
FN:46,(anonymous_9)
FN:52,(anonymous_10)
FN:58,(anonymous_11)
FN:64,(anonymous_12)
FN:65,(anonymous_13)
FN:70,(anonymous_14)
FN:71,(anonymous_15)
FN:76,(anonymous_16)
FN:81,(anonymous_17)
FN:90,(anonymous_18)
FN:102,(anonymous_19)
FN:103,(anonymous_20)
FN:108,(anonymous_21)
FNF:21
FNH:2
FNDA:1,(anonymous_1)
FNDA:3,Analytics
FNDA:0,(anonymous_3)
FNDA:0,(anonymous_4)
FNDA:0,(anonymous_5)
FNDA:0,(anonymous_6)
FNDA:0,(anonymous_7)
FNDA:0,(anonymous_8)
FNDA:0,(anonymous_9)
FNDA:0,(anonymous_10)
FNDA:0,(anonymous_11)
FNDA:0,(anonymous_12)
FNDA:0,(anonymous_13)
FNDA:0,(anonymous_14)
FNDA:0,(anonymous_15)
FNDA:0,(anonymous_16)
FNDA:0,(anonymous_17)
FNDA:0,(anonymous_18)
FNDA:0,(anonymous_19)
FNDA:0,(anonymous_20)
FNDA:0,(anonymous_21)
DA:1,1
DA:2,1
DA:7,1
DA:11,3
DA:12,1
DA:14,2
DA:18,1
DA:19,0
DA:20,0
DA:21,0
DA:22,0
DA:26,1
DA:27,0
DA:28,0
DA:29,0
DA:34,1
DA:35,0
DA:36,0
DA:37,0
DA:40,1
DA:41,0
DA:42,0
DA:43,0
DA:46,1
DA:47,0
DA:48,0
DA:49,0
DA:52,1
DA:53,0
DA:54,0
DA:55,0
DA:58,1
DA:59,0
DA:60,0
DA:61,0
DA:64,1
DA:65,0
DA:66,0
DA:67,0
DA:70,1
DA:71,0
DA:72,0
DA:73,0
DA:76,1
DA:77,0
DA:78,0
DA:81,1
DA:90,0
DA:91,0
DA:92,0
DA:99,0
DA:102,1
DA:103,0
DA:104,0
DA:105,0
DA:108,1
DA:110,0
DA:111,0
DA:112,0
DA:113,0
DA:114,0
DA:117,0
DA:121,1
LF:63
LH:20
BRDA:11,0,0,1
BRDA:11,0,1,2
BRDA:102,1,0,0
BRDA:111,2,0,0
BRDA:111,2,1,0
BRDA:112,3,0,0
BRDA:112,3,1,0
BRDA:113,4,0,0
BRDA:113,4,1,0
BRDA:114,5,0,0
BRDA:114,5,1,0
BRF:11
BRH:2
end_of_record
TN:
SF:src/drivers/Gtag.ts
FN:5,(anonymous_1)
FN:10,Gtag
FN:21,(anonymous_3)
FN:22,(anonymous_4)
FN:25,(anonymous_5)
FN:34,(anonymous_6)
FN:42,(anonymous_7)
FN:51,(anonymous_8)
FN:60,(anonymous_9)
FN:66,(anonymous_10)
FN:72,(anonymous_11)
FN:79,(anonymous_12)
FN:87,(anonymous_13)
FN:95,(anonymous_14)
FN:115,(anonymous_15)
FNF:15
FNH:2
FNDA:1,(anonymous_1)
FNDA:2,Gtag
FNDA:0,(anonymous_3)
FNDA:0,(anonymous_4)
FNDA:0,(anonymous_5)
FNDA:0,(anonymous_6)
FNDA:0,(anonymous_7)
FNDA:0,(anonymous_8)
FNDA:0,(anonymous_9)
FNDA:0,(anonymous_10)
FNDA:0,(anonymous_11)
FNDA:0,(anonymous_12)
FNDA:0,(anonymous_13)
FNDA:0,(anonymous_14)
FNDA:0,(anonymous_15)
DA:1,1
DA:2,1
DA:5,1
DA:11,2
DA:12,0
DA:13,0
DA:14,0
DA:18,2
DA:21,1
DA:22,0
DA:25,1
DA:26,0
DA:34,1
DA:35,0
DA:42,1
DA:43,0
DA:51,1
DA:52,0
DA:60,1
DA:61,0
DA:66,1
DA:67,0
DA:72,1
DA:73,0
DA:79,1
DA:80,0
DA:87,1
DA:88,0
DA:95,1
DA:104,0
DA:115,1
DA:116,0
DA:118,1
LF:33
LH:18
BRDA:11,0,0,0
BRDA:87,1,0,0
BRDA:115,2,0,0
BRF:3
BRH:0
end_of_record
TN:
SF:src/drivers/Interface.ts
FN:1,(anonymous_0)
FNF:1
FNH:1
FNDA:1,(anonymous_0)
DA:1,1
DA:2,1
DA:3,1
DA:4,1
LF:4
LH:4
BRDA:1,0,0,1
BRDA:1,0,1,1
BRF:2
BRH:2
end_of_record
TN:
SF:src/drivers/Terminal.ts
FN:4,(anonymous_0)
FN:7,(anonymous_2)
FN:11,(anonymous_3)
FN:15,(anonymous_4)
FN:19,(anonymous_5)
FN:23,(anonymous_6)
FN:27,(anonymous_7)
FN:31,(anonymous_8)
FN:35,(anonymous_9)
FN:47,(anonymous_10)
FN:51,(anonymous_11)
FN:55,(anonymous_12)
FN:59,(anonymous_13)
FN:63,(anonymous_14)
FNF:14
FNH:14
FNDA:11,(anonymous_0)
FNDA:1,(anonymous_2)
FNDA:2,(anonymous_3)
FNDA:1,(anonymous_4)
FNDA:1,(anonymous_5)
FNDA:1,(anonymous_6)
FNDA:1,(anonymous_7)
FNDA:2,(anonymous_8)
FNDA:1,(anonymous_9)
FNDA:1,(anonymous_10)
FNDA:1,(anonymous_11)
FNDA:1,(anonymous_12)
FNDA:1,(anonymous_13)
FNDA:14,(anonymous_14)
DA:1,9
DA:4,9
DA:5,2
DA:7,9
DA:8,1
DA:11,9
DA:12,2
DA:15,9
DA:16,1
DA:19,9
DA:20,1
DA:23,9
DA:24,1
DA:27,9
DA:28,1
DA:31,9
DA:32,2
DA:35,9
DA:44,1
DA:47,9
DA:48,1
DA:51,9
DA:52,1
DA:55,9
DA:56,1
DA:59,9
DA:60,1
DA:63,56
DA:64,14
DA:66,9
LF:30
LH:30
BRF:0
BRH:0
end_of_record
TN:
SF:src/drivers/ga.ts
FN:2,(anonymous_0)
FN:7,(anonymous_1)
FN:9,(anonymous_2)
FN:11,(anonymous_3)
FNF:4
FNH:0
FNDA:0,(anonymous_0)
FNDA:0,(anonymous_1)
FNDA:0,(anonymous_2)
FNDA:0,(anonymous_3)
DA:2,1
DA:3,0
DA:4,0
DA:7,1
DA:9,0
DA:10,0
DA:11,0
DA:12,0
DA:14,0
DA:16,0
DA:17,0
DA:18,0
DA:22,0
DA:23,0
DA:24,0
DA:26,0
LF:16
LH:2
BRDA:11,0,0,0
BRDA:11,0,1,0
BRDA:12,1,0,0
BRDA:12,1,1,0
BRF:4
BRH:0
end_of_record
TN:
SF:src/drivers/gta.ts
FN:3,(anonymous_0)
FN:10,gtag
FNF:2
FNH:0
FNDA:0,(anonymous_0)
FNDA:0,gtag
DA:3,1
DA:4,0
DA:5,0
DA:6,0
DA:7,0
DA:8,0
DA:10,0
DA:11,0
DA:14,0
DA:16,0
DA:18,0
LF:11
LH:1
BRDA:8,0,0,0
BRDA:8,0,1,0
BRF:2
BRH:0
end_of_record
TN:
SF:src/entities/Cart.ts
FN:4,(anonymous_0)
FN:9,Cart
FN:14,(anonymous_2)
FN:19,(anonymous_3)
FN:20,(anonymous_4)
FN:24,(anonymous_5)
FN:28,(anonymous_6)
FN:30,(anonymous_7)
FNF:8
FNH:8
FNDA:3,(anonymous_0)
FNDA:2,Cart
FNDA:2,(anonymous_2)
FNDA:1,(anonymous_3)
FNDA:2,(anonymous_4)
FNDA:9,(anonymous_5)
FNDA:4,(anonymous_6)
FNDA:4,(anonymous_7)
DA:4,3
DA:10,2
DA:11,2
DA:14,3
DA:15,2
DA:16,2
DA:19,3
DA:20,2
DA:21,1
DA:24,3
DA:25,9
DA:28,3
DA:29,4
DA:30,4
DA:32,3
LF:15
LH:15
BRDA:30,0,0,4
BRDA:30,0,1,0
BRF:2
BRH:1
end_of_record
TN:
SF:src/entities/Product.ts
FN:5,(anonymous_0)
FN:10,Product
FN:15,(anonymous_2)
FN:19,(anonymous_3)
FN:23,(anonymous_4)
FN:27,(anonymous_5)
FN:31,(anonymous_6)
FN:35,(anonymous_7)
FN:39,(anonymous_8)
FN:43,(anonymous_9)
FN:47,(anonymous_10)
FN:51,(anonymous_11)
FN:55,(anonymous_12)
FN:59,(anonymous_13)
FN:63,(anonymous_14)
FN:67,(anonymous_15)
FN:71,(anonymous_16)
FN:75,(anonymous_17)
FN:79,(anonymous_18)
FN:83,(anonymous_19)
FN:87,(anonymous_20)
FN:91,(anonymous_21)
FN:95,(anonymous_22)
FN:99,(anonymous_23)
FN:103,(anonymous_24)
FNF:25
FNH:25
FNDA:6,(anonymous_0)
FNDA:33,Product
FNDA:22,(anonymous_2)
FNDA:1,(anonymous_3)
FNDA:1,(anonymous_4)
FNDA:15,(anonymous_5)
FNDA:1,(anonymous_6)
FNDA:1,(anonymous_7)
FNDA:1,(anonymous_8)
FNDA:9,(anonymous_9)
FNDA:16,(anonymous_10)
FNDA:1,(anonymous_11)
FNDA:1,(anonymous_12)
FNDA:1,(anonymous_13)
FNDA:1,(anonymous_14)
FNDA:1,(anonymous_15)
FNDA:1,(anonymous_16)
FNDA:1,(anonymous_17)
FNDA:1,(anonymous_18)
FNDA:1,(anonymous_19)
FNDA:1,(anonymous_20)
FNDA:6,(anonymous_21)
FNDA:1,(anonymous_22)
FNDA:2,(anonymous_23)
FNDA:1,(anonymous_24)
DA:5,6
DA:11,33
DA:12,33
DA:15,6
DA:16,22
DA:19,6
DA:20,1
DA:23,6
DA:24,1
DA:27,6
DA:28,15
DA:32,1
DA:35,6
DA:36,1
DA:40,1
DA:43,6
DA:44,9
DA:48,16
DA:51,6
DA:52,1
DA:56,1
DA:59,6
DA:60,1
DA:64,1
DA:67,6
DA:68,1
DA:72,1
DA:75,6
DA:76,1
DA:80,1
DA:83,6
DA:84,1
DA:88,1
DA:91,6
DA:92,6
DA:96,1
DA:99,6
DA:100,2
DA:104,1
DA:106,6
LF:40
LH:40
BRDA:92,0,0,6
BRDA:92,0,1,3
BRF:2
BRH:2
end_of_record
TN:
SF:src/entities/Promotion.ts
FN:9,(anonymous_0)
FN:14,Promotion
FN:19,(anonymous_2)
FN:23,(anonymous_3)
FN:27,(anonymous_4)
FN:31,(anonymous_5)
FN:35,(anonymous_6)
FN:39,(anonymous_7)
FN:43,(anonymous_8)
FN:47,(anonymous_9)
FN:51,(anonymous_10)
FN:55,(anonymous_11)
FN:59,(anonymous_12)
FNF:13
FNH:13
FNDA:3,(anonymous_0)
FNDA:8,Promotion
FNDA:1,(anonymous_2)
FNDA:1,(anonymous_3)
FNDA:7,(anonymous_4)
FNDA:6,(anonymous_5)
FNDA:1,(anonymous_6)
FNDA:1,(anonymous_7)
FNDA:1,(anonymous_8)
FNDA:2,(anonymous_9)
FNDA:1,(anonymous_10)
FNDA:1,(anonymous_11)
FNDA:1,(anonymous_12)
DA:9,3
DA:15,8
DA:16,8
DA:19,3
DA:20,1
DA:23,3
DA:24,1
DA:27,3
DA:28,7
DA:31,3
DA:32,6
DA:36,1
DA:39,3
DA:40,1
DA:44,1
DA:47,3
DA:48,2
DA:52,1
DA:55,3
DA:56,1
DA:60,1
DA:62,3
LF:22
LH:22
BRF:0
BRH:0
end_of_record
TN:
SF:src/helpers/Storage.ts
FN:1,(anonymous_2)
FN:6,Storage
FN:11,(anonymous_4)
FN:15,(anonymous_5)
FN:22,(anonymous_6)
FN:28,(anonymous_7)
FN:32,(anonymous_8)
FNF:7
FNH:7
FNDA:3,(anonymous_2)
FNDA:2,Storage
FNDA:4,(anonymous_4)
FNDA:5,(anonymous_5)
FNDA:2,(anonymous_6)
FNDA:1,(anonymous_7)
FNDA:4,(anonymous_8)
DA:1,3
DA:7,2
DA:8,2
DA:11,3
DA:12,4
DA:15,3
DA:16,5
DA:17,5
DA:19,5
DA:22,3
DA:23,2
DA:24,2
DA:25,2
DA:28,3
DA:29,1
DA:32,5
DA:33,4
DA:35,3
DA:37,3
DA:38,3
DA:39,3
DA:40,3
LF:22
LH:22
BRDA:23,0,0,2
BRDA:23,0,1,2
BRDA:32,1,0,1
BRDA:33,2,0,4
BRDA:33,2,1,3
BRF:5
BRH:5
end_of_record
TN:
SF:src/helpers/chunk.ts
FN:1,(anonymous_1)
FN:2,(anonymous_2)
FNF:2
FNH:2
FNDA:1,(anonymous_1)
FNDA:6,(anonymous_2)
DA:1,2
DA:2,6
DA:8,2
LF:3
LH:3
BRDA:2,0,0,2
BRDA:2,0,1,4
BRF:2
BRH:2
end_of_record
